<?xml version="1.0" encoding="UTF-8"?>
<testsuite name="JUnit Jupiter" tests="2" skipped="0" failures="0" errors="0" time="0.041" hostname="spark" timestamp="2018-01-28T16:18:16">
<properties>
<property name="awt.toolkit" value="sun.awt.windows.WToolkit"/>
<property name="file.encoding" value="windows-1252"/>
<property name="file.encoding.pkg" value="sun.io"/>
<property name="file.separator" value="\"/>
<property name="java.awt.graphicsenv" value="sun.awt.Win32GraphicsEnvironment"/>
<property name="java.awt.printerjob" value="sun.awt.windows.WPrinterJob"/>
<property name="java.class.path" value="D:\projects\keywords-movie-search\build\classes\java\test;D:\projects\keywords-movie-search\build\resources\test;D:\projects\keywords-movie-search\build\classes\java\main;D:\projects\keywords-movie-search\build\resources\main;C:\Users\ander\.gradle\caches\modules-2\files-2.1\com.google.guava\guava\23.0\c947004bb13d18182be60077ade044099e4f26f1\guava-23.0.jar;C:\Users\ander\.gradle\caches\modules-2\files-2.1\org.junit.jupiter\junit-jupiter-engine\5.0.3\52fcc461185c48178608f687e962de6484dfb69e\junit-jupiter-engine-5.0.3.jar;C:\Users\ander\.gradle\caches\modules-2\files-2.1\org.junit.jupiter\junit-jupiter-api\5.0.3\43872be66bab0172073ac698062419755e563353\junit-jupiter-api-5.0.3.jar;C:\Users\ander\.gradle\caches\modules-2\files-2.1\com.google.code.findbugs\jsr305\1.3.9\40719ea6961c0cb6afaeb6a921eaa1f6afd4cfdf\jsr305-1.3.9.jar;C:\Users\ander\.gradle\caches\modules-2\files-2.1\com.google.errorprone\error_prone_annotations\2.0.18\5f65affce1684999e2f4024983835efc3504012e\error_prone_annotations-2.0.18.jar;C:\Users\ander\.gradle\caches\modules-2\files-2.1\com.google.j2objc\j2objc-annotations\1.1\976d8d30bebc251db406f2bdb3eb01962b5685b3\j2objc-annotations-1.1.jar;C:\Users\ander\.gradle\caches\modules-2\files-2.1\org.codehaus.mojo\animal-sniffer-annotations\1.14\775b7e22fb10026eed3f86e8dc556dfafe35f2d5\animal-sniffer-annotations-1.14.jar;C:\Users\ander\.gradle\caches\modules-2\files-2.1\org.junit.platform\junit-platform-engine\1.0.3\7028a17adabd876b6d7530e43523a7f4fd109e18\junit-platform-engine-1.0.3.jar;C:\Users\ander\.gradle\caches\modules-2\files-2.1\org.junit.platform\junit-platform-commons\1.0.3\3663f3ddfe47df2a7bf363d5c0196f0c7a09820f\junit-platform-commons-1.0.3.jar;C:\Users\ander\.gradle\caches\modules-2\files-2.1\org.apiguardian\apiguardian-api\1.0.0\3ef5276905e36f4d8055fe3cb0bdcc7503ffc85d\apiguardian-api-1.0.0.jar;C:\Users\ander\.gradle\caches\modules-2\files-2.1\org.opentest4j\opentest4j\1.0.0\6f09c598e9ff64bf0ce2fa7e7de49a99ba83c0b4\opentest4j-1.0.0.jar;C:\Users\ander\.gradle\caches\modules-2\files-2.1\org.junit.platform\junit-platform-console\1.0.3\39e2d8697f3244a16f9fafd58ad871918cb5a722\junit-platform-console-1.0.3.jar;C:\Users\ander\.gradle\caches\modules-2\files-2.1\org.junit.platform\junit-platform-launcher\1.0.3\91d799c70c3a597631883b77117046e09d6a4419\junit-platform-launcher-1.0.3.jar"/>
<property name="java.class.version" value="52.0"/>
<property name="java.endorsed.dirs" value="D:\apps\java\1.8.0\jre\lib\endorsed"/>
<property name="java.ext.dirs" value="D:\apps\java\1.8.0\jre\lib\ext;C:\Windows\Sun\Java\lib\ext"/>
<property name="java.home" value="D:\apps\java\1.8.0\jre"/>
<property name="java.io.tmpdir" value="C:\Users\ander\AppData\Local\Temp\"/>
<property name="java.library.path" value="D:\apps\java\1.8.0\bin;C:\Windows\Sun\Java\bin;C:\Windows\system32;C:\Windows;D:\apps\java\1.8.0\bin;C:\ProgramData\Oracle\Java\javapath;C:\Program Files (x86)\Intel\iCLS Client\;C:\Program Files\Intel\iCLS Client\;C:\Windows\system32;C:\Windows;C:\Windows\System32\Wbem;C:\Windows\System32\WindowsPowerShell\v1.0\;C:\Program Files (x86)\NVIDIA Corporation\PhysX\Common;C:\Program Files (x86)\Intel\Intel(R) Management Engine Components\DAL;C:\Program Files\Intel\Intel(R) Management Engine Components\DAL;C:\Program Files (x86)\Intel\Intel(R) Management Engine Components\IPT;C:\Program Files\Intel\Intel(R) Management Engine Components\IPT;D:\apps\scala\2.14.2\bin;D:\apps\git\cmd;D:\apps\sbt\1.1.0\bin;C:\Program Files (x86)\Skype\Phone\;D:\apps\awscli\;D:\apps\gradle-4.5\bin;D:\apps\apache-maven-3.5.2\bin;C:\Program Files\dotnet\;C:\Program Files\Microsoft SQL Server\130\Tools\Binn\;D:\apps\hadoop\bin;D:\apps\spark\bin;D:\apps\python\3.6.4\Scripts\;D:\apps\python\3.6.4\;D:\apps\python36\Scripts\;D:\apps\python36\;C:\Users\ander\AppData\Local\Microsoft\WindowsApps;;D:\apps\vscode\bin;."/>
<property name="java.runtime.name" value="Java(TM) SE Runtime Environment"/>
<property name="java.runtime.version" value="1.8.0_162-b12"/>
<property name="java.specification.name" value="Java Platform API Specification"/>
<property name="java.specification.vendor" value="Oracle Corporation"/>
<property name="java.specification.version" value="1.8"/>
<property name="java.vendor" value="Oracle Corporation"/>
<property name="java.vendor.url" value="http://java.oracle.com/"/>
<property name="java.vendor.url.bug" value="http://bugreport.sun.com/bugreport/"/>
<property name="java.version" value="1.8.0_162"/>
<property name="java.vm.info" value="mixed mode"/>
<property name="java.vm.name" value="Java HotSpot(TM) 64-Bit Server VM"/>
<property name="java.vm.specification.name" value="Java Virtual Machine Specification"/>
<property name="java.vm.specification.vendor" value="Oracle Corporation"/>
<property name="java.vm.specification.version" value="1.8"/>
<property name="java.vm.vendor" value="Oracle Corporation"/>
<property name="java.vm.version" value="25.162-b12"/>
<property name="line.separator" value="
"/>
<property name="os.arch" value="amd64"/>
<property name="os.name" value="Windows 10"/>
<property name="os.version" value="10.0"/>
<property name="path.separator" value=";"/>
<property name="sun.arch.data.model" value="64"/>
<property name="sun.boot.class.path" value="D:\apps\java\1.8.0\jre\lib\resources.jar;D:\apps\java\1.8.0\jre\lib\rt.jar;D:\apps\java\1.8.0\jre\lib\sunrsasign.jar;D:\apps\java\1.8.0\jre\lib\jsse.jar;D:\apps\java\1.8.0\jre\lib\jce.jar;D:\apps\java\1.8.0\jre\lib\charsets.jar;D:\apps\java\1.8.0\jre\lib\jfr.jar;D:\apps\java\1.8.0\jre\classes"/>
<property name="sun.boot.library.path" value="D:\apps\java\1.8.0\jre\bin"/>
<property name="sun.cpu.endian" value="little"/>
<property name="sun.cpu.isalist" value="amd64"/>
<property name="sun.desktop" value="windows"/>
<property name="sun.io.unicode.encoding" value="UnicodeLittle"/>
<property name="sun.java.command" value="org.junit.platform.console.ConsoleLauncher --details NONE --scan-class-path D:\projects\keywords-movie-search\build\classes\java\main;D:\projects\keywords-movie-search\build\resources\main;D:\projects\keywords-movie-search\build\classes\java\test;D:\projects\keywords-movie-search\build\resources\test -n ^.*Tests?$ --reports-dir D:\projects\keywords-movie-search\build\test-results\junit-platform"/>
<property name="sun.java.launcher" value="SUN_STANDARD"/>
<property name="sun.jnu.encoding" value="Cp1252"/>
<property name="sun.management.compiler" value="HotSpot 64-Bit Tiered Compilers"/>
<property name="sun.os.patch.level" value=""/>
<property name="user.country" value="US"/>
<property name="user.dir" value="D:\projects\keywords-movie-search"/>
<property name="user.home" value="C:\Users\ander"/>
<property name="user.language" value="en"/>
<property name="user.name" value="ander"/>
<property name="user.script" value=""/>
<property name="user.timezone" value="America/Sao_Paulo"/>
<property name="user.variant" value=""/>
</properties>
<testcase name="testAppHasAGreeting()" classname="AppTest" time="0.014">
<system-out><![CDATA[
unique-id: [engine:junit-jupiter]/[class:AppTest]/[method:testAppHasAGreeting()]
display-name: testAppHasAGreeting()
]]></system-out>
</testcase>
<testcase name="testCase001()" classname="org.sharpsw.repository.MovieRepositoryTest" time="0.002">
<system-out><![CDATA[
unique-id: [engine:junit-jupiter]/[class:org.sharpsw.repository.MovieRepositoryTest]/[method:testCase001()]
display-name: testCase001()
]]></system-out>
</testcase>
<system-out><![CDATA[
unique-id: [engine:junit-jupiter]
display-name: JUnit Jupiter
]]></system-out>
</testsuite>
